0 info it worked if it ends with ok
1 verbose cli [ 'C:\\Program Files\\nodejs\\node.exe',
1 verbose cli   'C:\\Program Files\\nodejs\\node_modules\\npm\\bin\\npm-cli.js',
1 verbose cli   'start' ]
2 info using npm@3.10.10
3 info using node@v6.11.2
4 verbose run-script [ 'prestart', 'start', 'poststart' ]
5 info lifecycle hot-test@1.0.0~prestart: hot-test@1.0.0
6 silly lifecycle hot-test@1.0.0~prestart: no script for prestart, continuing
7 info lifecycle hot-test@1.0.0~start: hot-test@1.0.0
8 verbose lifecycle hot-test@1.0.0~start: unsafe-perm in lifecycle true
9 verbose lifecycle hot-test@1.0.0~start: PATH: C:\Program Files\nodejs\node_modules\npm\bin\node-gyp-bin;G:\Vision_Z\Graph2vec-master\tGraph2vec\Graph2vec\front\node_modules\.bin;C:\Program Files\Microsoft MPI\Bin\;C:\ProgramData\Oracle\Java\javapath;C:\Windows\system32;C:\Windows;C:\Windows\System32\Wbem;C:\Windows\System32\WindowsPowerShell\v1.0\;C:\Program Files (x86)\NVIDIA Corporation\PhysX\Common;D:\java\jdk\bin;D:\java\jdk\jre\bin;C:\WINDOWS\system32;C:\WINDOWS;C:\WINDOWS\System32\Wbem;C:\WINDOWS\System32\WindowsPowerShell\v1.0\;C:\WINDOWS\system32\config\systemprofile\.dnx\bin;C:\Program Files\Microsoft DNX\Dnvm\;C:\Program Files\Microsoft SQL Server\130\Tools\Binn\;C:\Program Files (x86)\Microsoft SQL Server\110\Tools\Binn\;C:\Program Files\Microsoft SQL Server\110\Tools\Binn\;C:\Program Files\Microsoft SQL Server\110\DTS\Binn\;C:\Program Files (x86)\Microsoft SQL Server\110\Tools\Binn\ManagementStudio\;C:\Program Files (x86)\Microsoft Visual Studio 10.0\Common7\IDE\PrivateAssemblies\;C:\Program Files (x86)\Microsoft SQL Server\110\DTS\Binn\;C:\Program Files (x86)\Microsoft SQL Server\130\Tools\Binn\;C:\Program Files (x86)\Microsoft SQL Server\130\DTS\Binn\;C:\Program Files\Microsoft SQL Server\130\DTS\Binn\;C:\Program Files\Microsoft SQL Server\Client SDK\ODBC\130\Tools\Binn\;C:\Program Files (x86)\Microsoft SQL Server\Client SDK\ODBC\130\Tools\Binn\;C:\Program Files (x86)\Microsoft SQL Server\130\Tools\Binn\ManagementStudio\;C:\Program Files\nodejs\;E:\Matlab\runtime\win64;E:\Matlab\bin;E:\Matlab\polyspace\bin;D:\OpenVPN\bin;E:\Anaconda3;C:\Program Files\Git\cmd;E:\Anaconda3;E:\Anaconda3\Library\mingw-w64\bin;E:\Anaconda3\Library\usr\bin;E:\Anaconda3\Library\bin;E:\Anaconda3\Scripts;C:\Users\VR\AppData\Local\Microsoft\WindowsApps;C:\Users\VR\AppData\Roaming\npm;C:\Program Files\Microsoft VS Code\bin
10 verbose lifecycle hot-test@1.0.0~start: CWD: G:\Vision_Z\Graph2vec-master\tGraph2vec\Graph2vec\front
11 silly lifecycle hot-test@1.0.0~start: Args: [ '/d /s /c',
11 silly lifecycle   'webpack-dev-server --config webpack.dev.config.js --color --progress --hot --inline' ]
12 silly lifecycle hot-test@1.0.0~start: Returned: code: 1  signal: null
13 info lifecycle hot-test@1.0.0~start: Failed to exec start script
14 verbose stack Error: hot-test@1.0.0 start: `webpack-dev-server --config webpack.dev.config.js --color --progress --hot --inline`
14 verbose stack Exit status 1
14 verbose stack     at EventEmitter.<anonymous> (C:\Program Files\nodejs\node_modules\npm\lib\utils\lifecycle.js:255:16)
14 verbose stack     at emitTwo (events.js:106:13)
14 verbose stack     at EventEmitter.emit (events.js:191:7)
14 verbose stack     at ChildProcess.<anonymous> (C:\Program Files\nodejs\node_modules\npm\lib\utils\spawn.js:40:14)
14 verbose stack     at emitTwo (events.js:106:13)
14 verbose stack     at ChildProcess.emit (events.js:191:7)
14 verbose stack     at maybeClose (internal/child_process.js:891:16)
14 verbose stack     at Process.ChildProcess._handle.onexit (internal/child_process.js:226:5)
15 verbose pkgid hot-test@1.0.0
16 verbose cwd G:\Vision_Z\Graph2vec-master\tGraph2vec\Graph2vec\front\src
17 error Windows_NT 10.0.14393
18 error argv "C:\\Program Files\\nodejs\\node.exe" "C:\\Program Files\\nodejs\\node_modules\\npm\\bin\\npm-cli.js" "start"
19 error node v6.11.2
20 error npm  v3.10.10
21 error code ELIFECYCLE
22 error hot-test@1.0.0 start: `webpack-dev-server --config webpack.dev.config.js --color --progress --hot --inline`
22 error Exit status 1
23 error Failed at the hot-test@1.0.0 start script 'webpack-dev-server --config webpack.dev.config.js --color --progress --hot --inline'.
23 error Make sure you have the latest version of node.js and npm installed.
23 error If you do, this is most likely a problem with the hot-test package,
23 error not with npm itself.
23 error Tell the author that this fails on your system:
23 error     webpack-dev-server --config webpack.dev.config.js --color --progress --hot --inline
23 error You can get information on how to open an issue for this project with:
23 error     npm bugs hot-test
23 error Or if that isn't available, you can get their info via:
23 error     npm owner ls hot-test
23 error There is likely additional logging output above.
24 verbose exit [ 1, true ]
